<?xml version="1.0" encoding="UTF-8"?>
<!-- Generated by org.testng.reporters.JUnitReportReporter -->
<testsuite skipped="0" hostname="rix31214" name="gaclickacademy.AppiumTest" tests="2" failures="0" timestamp="05 nov. 2018 09:24:09 GMT" time="0.005" errors="0">
  <testcase name="IOSApps" time="0.005" classname="gaclickacademy.AppiumTest"/>
  <testcase name="NativeAndroid" time="0.000" classname="gaclickacademy.AppiumTest"/>
</testsuite> <!-- gaclickacademy.AppiumTest -->
