<?xml version="1.0" encoding="UTF-8"?>
<!-- Generated by org.testng.reporters.JUnitReportReporter -->
<testsuite skipped="0" hostname="rix31214" name="gaclickacademy.RESTAPITest" tests="2" failures="0" timestamp="05 nov. 2018 09:24:09 GMT" time="0.001" errors="0">
  <testcase name="REST1" time="0.001" classname="gaclickacademy.RESTAPITest"/>
  <testcase name="REST2" time="0.000" classname="gaclickacademy.RESTAPITest"/>
</testsuite> <!-- gaclickacademy.RESTAPITest -->
