<?xml version="1.0" encoding="UTF-8"?>
<!-- Generated by org.testng.reporters.JUnitReportReporter -->
<testsuite skipped="0" hostname="rix31214" name="gaclickacademy.SeleniumTest" tests="2" failures="0" timestamp="05 nov. 2018 09:24:09 GMT" time="0.001" errors="0">
  <testcase name="BrowserAutomation1" time="0.000" classname="gaclickacademy.SeleniumTest"/>
  <testcase name="BrowserAutomation2" time="0.001" classname="gaclickacademy.SeleniumTest"/>
</testsuite> <!-- gaclickacademy.SeleniumTest -->
